running egg_info
creating build/weather_pkg/weather_pkg.egg-info
writing build/weather_pkg/weather_pkg.egg-info/PKG-INFO
writing dependency_links to build/weather_pkg/weather_pkg.egg-info/dependency_links.txt
writing entry points to build/weather_pkg/weather_pkg.egg-info/entry_points.txt
writing requirements to build/weather_pkg/weather_pkg.egg-info/requires.txt
writing top-level names to build/weather_pkg/weather_pkg.egg-info/top_level.txt
writing manifest file 'build/weather_pkg/weather_pkg.egg-info/SOURCES.txt'
reading manifest file 'build/weather_pkg/weather_pkg.egg-info/SOURCES.txt'
writing manifest file 'build/weather_pkg/weather_pkg.egg-info/SOURCES.txt'
running build
running install
running install_data
creating /home/bun/ros2_weather_ws/src/weather_pkg/install/weather_pkg/share/ament_index
creating /home/bun/ros2_weather_ws/src/weather_pkg/install/weather_pkg/share/ament_index/resource_index
creating /home/bun/ros2_weather_ws/src/weather_pkg/install/weather_pkg/share/ament_index/resource_index/packages
copying resource/weather_pkg -> /home/bun/ros2_weather_ws/src/weather_pkg/install/weather_pkg/share/ament_index/resource_index/packages
copying package.xml -> /home/bun/ros2_weather_ws/src/weather_pkg/install/weather_pkg/share/weather_pkg
running install_egg_info
Copying build/weather_pkg/weather_pkg.egg-info to /home/bun/ros2_weather_ws/src/weather_pkg/install/weather_pkg/lib/python3.8/site-packages/weather_pkg-0.0.1-py3.8.egg-info
running install_scripts
Installing weather_node script to /home/bun/ros2_weather_ws/src/weather_pkg/install/weather_pkg/lib/weather_pkg
writing list of installed files to '/home/bun/ros2_weather_ws/src/weather_pkg/build/weather_pkg/install.log'
