[0.457s] Invoking command in '/home/bun/ros2_weather_ws/src/weather_pkg': PYTHONPATH=/home/bun/ros2_weather_ws/src/weather_pkg/build/weather_pkg/prefix_override:/usr/lib/python3/dist-packages/colcon_core/task/python/colcon_distutils_commands:/home/bun/ros2_weather_ws/src/weather_pkg/install/weather_pkg/lib/python3.8/site-packages:${PYTHONPATH} /usr/bin/python3 -W ignore:setup.py install is deprecated setup.py egg_info --egg-base build/weather_pkg build --build-base /home/bun/ros2_weather_ws/src/weather_pkg/build/weather_pkg/build install --record /home/bun/ros2_weather_ws/src/weather_pkg/build/weather_pkg/install.log --install-scripts $base/lib/weather_pkg --single-version-externally-managed install_data
[0.574s] running egg_info
[0.575s] creating build/weather_pkg/weather_pkg.egg-info
[0.575s] writing build/weather_pkg/weather_pkg.egg-info/PKG-INFO
[0.575s] writing dependency_links to build/weather_pkg/weather_pkg.egg-info/dependency_links.txt
[0.575s] writing entry points to build/weather_pkg/weather_pkg.egg-info/entry_points.txt
[0.575s] writing requirements to build/weather_pkg/weather_pkg.egg-info/requires.txt
[0.575s] writing top-level names to build/weather_pkg/weather_pkg.egg-info/top_level.txt
[0.583s] writing manifest file 'build/weather_pkg/weather_pkg.egg-info/SOURCES.txt'
[0.583s] reading manifest file 'build/weather_pkg/weather_pkg.egg-info/SOURCES.txt'
[0.584s] writing manifest file 'build/weather_pkg/weather_pkg.egg-info/SOURCES.txt'
[0.584s] running build
[0.584s] running install
[0.585s] running install_data
[0.585s] creating /home/bun/ros2_weather_ws/src/weather_pkg/install/weather_pkg/share/ament_index
[0.585s] creating /home/bun/ros2_weather_ws/src/weather_pkg/install/weather_pkg/share/ament_index/resource_index
[0.585s] creating /home/bun/ros2_weather_ws/src/weather_pkg/install/weather_pkg/share/ament_index/resource_index/packages
[0.585s] copying resource/weather_pkg -> /home/bun/ros2_weather_ws/src/weather_pkg/install/weather_pkg/share/ament_index/resource_index/packages
[0.585s] copying package.xml -> /home/bun/ros2_weather_ws/src/weather_pkg/install/weather_pkg/share/weather_pkg
[0.585s] running install_egg_info
[0.586s] Copying build/weather_pkg/weather_pkg.egg-info to /home/bun/ros2_weather_ws/src/weather_pkg/install/weather_pkg/lib/python3.8/site-packages/weather_pkg-0.0.1-py3.8.egg-info
[0.587s] running install_scripts
[0.598s] Installing weather_node script to /home/bun/ros2_weather_ws/src/weather_pkg/install/weather_pkg/lib/weather_pkg
[0.598s] writing list of installed files to '/home/bun/ros2_weather_ws/src/weather_pkg/build/weather_pkg/install.log'
[0.610s] Invoked command in '/home/bun/ros2_weather_ws/src/weather_pkg' returned '0': PYTHONPATH=/home/bun/ros2_weather_ws/src/weather_pkg/build/weather_pkg/prefix_override:/usr/lib/python3/dist-packages/colcon_core/task/python/colcon_distutils_commands:/home/bun/ros2_weather_ws/src/weather_pkg/install/weather_pkg/lib/python3.8/site-packages:${PYTHONPATH} /usr/bin/python3 -W ignore:setup.py install is deprecated setup.py egg_info --egg-base build/weather_pkg build --build-base /home/bun/ros2_weather_ws/src/weather_pkg/build/weather_pkg/build install --record /home/bun/ros2_weather_ws/src/weather_pkg/build/weather_pkg/install.log --install-scripts $base/lib/weather_pkg --single-version-externally-managed install_data
