[0.011s] Invoking command in '/home/bun/ros2_weather_ws/build/weather_pkg': /usr/bin/cmake /home/bun/ros2_weather_ws/src/weather_pkg -DCATKIN_INSTALL_INTO_PREFIX_ROOT=0 -DCMAKE_INSTALL_PREFIX=/home/bun/ros2_weather_ws/install/weather_pkg
[0.083s] -- Found ament_cmake: 0.9.12 (/opt/ros/foxy/share/ament_cmake/cmake)
[0.102s] -- Using PYTHON_EXECUTABLE: /usr/bin/python3
[0.241s] -- Found rclpy: 1.0.13 (/opt/ros/foxy/share/rclpy/cmake)
[0.246s] -- Found ament_cmake_pytest: 0.9.12 (/opt/ros/foxy/share/ament_cmake_pytest/cmake)
[0.758s] -- Configuring done
[0.763s] -- Generating done
[0.764s] -- Build files have been written to: /home/bun/ros2_weather_ws/build/weather_pkg
[0.769s] Invoked command in '/home/bun/ros2_weather_ws/build/weather_pkg' returned '0': /usr/bin/cmake /home/bun/ros2_weather_ws/src/weather_pkg -DCATKIN_INSTALL_INTO_PREFIX_ROOT=0 -DCMAKE_INSTALL_PREFIX=/home/bun/ros2_weather_ws/install/weather_pkg
[0.772s] Invoking command in '/home/bun/ros2_weather_ws/build/weather_pkg': /usr/bin/cmake --build /home/bun/ros2_weather_ws/build/weather_pkg -- -j8 -l8
[0.796s] Invoked command in '/home/bun/ros2_weather_ws/build/weather_pkg' returned '0': /usr/bin/cmake --build /home/bun/ros2_weather_ws/build/weather_pkg -- -j8 -l8
[0.804s] Invoking command in '/home/bun/ros2_weather_ws/build/weather_pkg': /usr/bin/cmake --install /home/bun/ros2_weather_ws/build/weather_pkg
[0.808s] -- Install configuration: ""
[0.809s] -- Installing: /home/bun/ros2_weather_ws/install/weather_pkg/lib/weather_pkg
[0.809s] -- Installing: /home/bun/ros2_weather_ws/install/weather_pkg/lib/weather_pkg/weather_node.py
[0.810s] -- Installing: /home/bun/ros2_weather_ws/install/weather_pkg/lib/weather_pkg/.gitignore
[0.810s] -- Installing: /home/bun/ros2_weather_ws/install/weather_pkg/lib/weather_pkg/__init__.py
[0.810s] -- Installing: /home/bun/ros2_weather_ws/install/weather_pkg/share/ament_index/resource_index/package_run_dependencies/weather_pkg
[0.811s] -- Installing: /home/bun/ros2_weather_ws/install/weather_pkg/share/ament_index/resource_index/parent_prefix_path/weather_pkg
[0.811s] -- Installing: /home/bun/ros2_weather_ws/install/weather_pkg/share/weather_pkg/environment/ament_prefix_path.sh
[0.811s] -- Installing: /home/bun/ros2_weather_ws/install/weather_pkg/share/weather_pkg/environment/ament_prefix_path.dsv
[0.811s] -- Installing: /home/bun/ros2_weather_ws/install/weather_pkg/share/weather_pkg/environment/path.sh
[0.811s] -- Installing: /home/bun/ros2_weather_ws/install/weather_pkg/share/weather_pkg/environment/path.dsv
[0.812s] -- Installing: /home/bun/ros2_weather_ws/install/weather_pkg/share/weather_pkg/local_setup.bash
[0.812s] -- Installing: /home/bun/ros2_weather_ws/install/weather_pkg/share/weather_pkg/local_setup.sh
[0.812s] -- Installing: /home/bun/ros2_weather_ws/install/weather_pkg/share/weather_pkg/local_setup.zsh
[0.812s] -- Installing: /home/bun/ros2_weather_ws/install/weather_pkg/share/weather_pkg/local_setup.dsv
[0.812s] -- Installing: /home/bun/ros2_weather_ws/install/weather_pkg/share/weather_pkg/package.dsv
[0.813s] -- Installing: /home/bun/ros2_weather_ws/install/weather_pkg/share/ament_index/resource_index/packages/weather_pkg
[0.813s] -- Installing: /home/bun/ros2_weather_ws/install/weather_pkg/share/weather_pkg/cmake/weather_pkgConfig.cmake
[0.813s] -- Installing: /home/bun/ros2_weather_ws/install/weather_pkg/share/weather_pkg/cmake/weather_pkgConfig-version.cmake
[0.813s] -- Installing: /home/bun/ros2_weather_ws/install/weather_pkg/share/weather_pkg/package.xml
[0.815s] Invoked command in '/home/bun/ros2_weather_ws/build/weather_pkg' returned '0': /usr/bin/cmake --install /home/bun/ros2_weather_ws/build/weather_pkg
