[0.139s] DEBUG:colcon:Command line arguments: ['/usr/bin/colcon', 'build', '--symlink-install']
[0.139s] DEBUG:colcon:Parsed command line arguments: Namespace(allow_overriding=[], ament_cmake_args=None, base_paths=['.'], build_base='build', catkin_cmake_args=None, catkin_skip_building_tests=False, cmake_args=None, cmake_clean_cache=False, cmake_clean_first=False, cmake_force_configure=False, cmake_target=None, cmake_target_skip_unavailable=False, continue_on_error=False, event_handlers=None, executor='parallel', ignore_user_meta=False, install_base='install', log_base=None, log_level=None, main=<bound method BuildVerb.main of <colcon_core.verb.build.BuildVerb object at 0x7f02424c96a0>>, merge_install=False, metas=['./colcon.meta'], packages_above=None, packages_above_and_dependencies=None, packages_above_depth=None, packages_end=None, packages_ignore=None, packages_ignore_regex=None, packages_select=None, packages_select_build_failed=False, packages_select_by_dep=None, packages_select_regex=None, packages_select_test_failures=False, packages_skip=None, packages_skip_build_finished=False, packages_skip_by_dep=None, packages_skip_regex=None, packages_skip_test_passed=False, packages_skip_up_to=None, packages_start=None, packages_up_to=None, packages_up_to_regex=None, parallel_workers=8, paths=None, symlink_install=True, test_result_base=None, verb_extension=<colcon_core.verb.build.BuildVerb object at 0x7f02424c96a0>, verb_name='build', verb_parser=<colcon_defaults.argument_parser.defaults.DefaultArgumentsDecorator object at 0x7f02424c9af0>)
[0.221s] Level 1:colcon.colcon_core.package_discovery:discover_packages(colcon_meta) check parameters
[0.221s] Level 1:colcon.colcon_core.package_discovery:discover_packages(recursive) check parameters
[0.221s] Level 1:colcon.colcon_core.package_discovery:discover_packages(ignore) check parameters
[0.221s] Level 1:colcon.colcon_core.package_discovery:discover_packages(path) check parameters
[0.221s] Level 1:colcon.colcon_core.package_discovery:discover_packages(colcon_meta) discover
[0.221s] Level 1:colcon.colcon_core.package_discovery:discover_packages(recursive) discover
[0.221s] INFO:colcon.colcon_core.package_discovery:Crawling recursively for packages in '/home/bun/ros2_weather_ws'
[0.221s] Level 1:colcon.colcon_core.package_identification:_identify(.) by extensions ['ignore', 'ignore_ament_install']
[0.221s] Level 1:colcon.colcon_core.package_identification:_identify(.) by extension 'ignore'
[0.221s] Level 1:colcon.colcon_core.package_identification:_identify(.) by extension 'ignore_ament_install'
[0.221s] Level 1:colcon.colcon_core.package_identification:_identify(.) by extensions ['colcon_pkg']
[0.221s] Level 1:colcon.colcon_core.package_identification:_identify(.) by extension 'colcon_pkg'
[0.221s] Level 1:colcon.colcon_core.package_identification:_identify(.) by extensions ['colcon_meta']
[0.221s] Level 1:colcon.colcon_core.package_identification:_identify(.) by extension 'colcon_meta'
[0.221s] Level 1:colcon.colcon_core.package_identification:_identify(.) by extensions ['ros']
[0.221s] Level 1:colcon.colcon_core.package_identification:_identify(.) by extension 'ros'
[0.228s] Level 1:colcon.colcon_core.package_identification:_identify(.) by extensions ['cmake', 'python']
[0.228s] Level 1:colcon.colcon_core.package_identification:_identify(.) by extension 'cmake'
[0.228s] Level 1:colcon.colcon_core.package_identification:_identify(.) by extension 'python'
[0.228s] Level 1:colcon.colcon_core.package_identification:_identify(.) by extensions ['python_setup_py']
[0.228s] Level 1:colcon.colcon_core.package_identification:_identify(.) by extension 'python_setup_py'
[0.228s] Level 1:colcon.colcon_core.package_identification:_identify(build) by extensions ['ignore', 'ignore_ament_install']
[0.228s] Level 1:colcon.colcon_core.package_identification:_identify(build) by extension 'ignore'
[0.228s] Level 1:colcon.colcon_core.package_identification:_identify(build) ignored
[0.228s] Level 1:colcon.colcon_core.package_identification:_identify(install) by extensions ['ignore', 'ignore_ament_install']
[0.228s] Level 1:colcon.colcon_core.package_identification:_identify(install) by extension 'ignore'
[0.228s] Level 1:colcon.colcon_core.package_identification:_identify(install) ignored
[0.228s] Level 1:colcon.colcon_core.package_identification:_identify(log) by extensions ['ignore', 'ignore_ament_install']
[0.228s] Level 1:colcon.colcon_core.package_identification:_identify(log) by extension 'ignore'
[0.228s] Level 1:colcon.colcon_core.package_identification:_identify(log) ignored
[0.228s] Level 1:colcon.colcon_core.package_identification:_identify(src) by extensions ['ignore', 'ignore_ament_install']
[0.228s] Level 1:colcon.colcon_core.package_identification:_identify(src) by extension 'ignore'
[0.228s] Level 1:colcon.colcon_core.package_identification:_identify(src) by extension 'ignore_ament_install'
[0.228s] Level 1:colcon.colcon_core.package_identification:_identify(src) by extensions ['colcon_pkg']
[0.228s] Level 1:colcon.colcon_core.package_identification:_identify(src) by extension 'colcon_pkg'
[0.228s] Level 1:colcon.colcon_core.package_identification:_identify(src) by extensions ['colcon_meta']
[0.228s] Level 1:colcon.colcon_core.package_identification:_identify(src) by extension 'colcon_meta'
[0.228s] Level 1:colcon.colcon_core.package_identification:_identify(src) by extensions ['ros']
[0.228s] Level 1:colcon.colcon_core.package_identification:_identify(src) by extension 'ros'
[0.228s] Level 1:colcon.colcon_core.package_identification:_identify(src) by extensions ['cmake', 'python']
[0.228s] Level 1:colcon.colcon_core.package_identification:_identify(src) by extension 'cmake'
[0.228s] Level 1:colcon.colcon_core.package_identification:_identify(src) by extension 'python'
[0.228s] Level 1:colcon.colcon_core.package_identification:_identify(src) by extensions ['python_setup_py']
[0.229s] Level 1:colcon.colcon_core.package_identification:_identify(src) by extension 'python_setup_py'
[0.229s] Level 1:colcon.colcon_core.package_identification:_identify(src/weather_pkg) by extensions ['ignore', 'ignore_ament_install']
[0.229s] Level 1:colcon.colcon_core.package_identification:_identify(src/weather_pkg) by extension 'ignore'
[0.229s] Level 1:colcon.colcon_core.package_identification:_identify(src/weather_pkg) by extension 'ignore_ament_install'
[0.229s] Level 1:colcon.colcon_core.package_identification:_identify(src/weather_pkg) by extensions ['colcon_pkg']
[0.229s] Level 1:colcon.colcon_core.package_identification:_identify(src/weather_pkg) by extension 'colcon_pkg'
[0.229s] Level 1:colcon.colcon_core.package_identification:_identify(src/weather_pkg) by extensions ['colcon_meta']
[0.229s] Level 1:colcon.colcon_core.package_identification:_identify(src/weather_pkg) by extension 'colcon_meta'
[0.229s] Level 1:colcon.colcon_core.package_identification:_identify(src/weather_pkg) by extensions ['ros']
[0.229s] Level 1:colcon.colcon_core.package_identification:_identify(src/weather_pkg) by extension 'ros'
[0.230s] DEBUG:colcon.colcon_core.package_identification:Package 'src/weather_pkg' with type 'ros.ament_python' and name 'weather_pkg'
[0.230s] Level 1:colcon.colcon_core.package_discovery:discover_packages(recursive) using defaults
[0.230s] Level 1:colcon.colcon_core.package_discovery:discover_packages(ignore) discover
[0.230s] Level 1:colcon.colcon_core.package_discovery:discover_packages(ignore) using defaults
[0.230s] Level 1:colcon.colcon_core.package_discovery:discover_packages(path) discover
[0.230s] Level 1:colcon.colcon_core.package_discovery:discover_packages(path) using defaults
[0.241s] Level 1:colcon.colcon_core.package_discovery:discover_packages(prefix_path) check parameters
[0.241s] Level 1:colcon.colcon_core.package_discovery:discover_packages(prefix_path) discover
[0.242s] DEBUG:colcon.colcon_installed_package_information.package_discovery:Found 1 installed packages in /home/bun/ros2_weather_ws/install
[0.242s] DEBUG:colcon.colcon_installed_package_information.package_discovery:Found 1 installed packages in /home/bun/ros2_ws/install
[0.242s] DEBUG:colcon.colcon_installed_package_information.package_discovery:Found 256 installed packages in /opt/ros/foxy
[0.243s] Level 1:colcon.colcon_core.package_discovery:discover_packages(prefix_path) using defaults
[0.282s] Level 5:colcon.colcon_core.verb:set package 'weather_pkg' build argument 'cmake_args' from command line to 'None'
[0.282s] Level 5:colcon.colcon_core.verb:set package 'weather_pkg' build argument 'cmake_target' from command line to 'None'
[0.282s] Level 5:colcon.colcon_core.verb:set package 'weather_pkg' build argument 'cmake_target_skip_unavailable' from command line to 'False'
[0.282s] Level 5:colcon.colcon_core.verb:set package 'weather_pkg' build argument 'cmake_clean_cache' from command line to 'False'
[0.282s] Level 5:colcon.colcon_core.verb:set package 'weather_pkg' build argument 'cmake_clean_first' from command line to 'False'
[0.282s] Level 5:colcon.colcon_core.verb:set package 'weather_pkg' build argument 'cmake_force_configure' from command line to 'False'
[0.282s] Level 5:colcon.colcon_core.verb:set package 'weather_pkg' build argument 'ament_cmake_args' from command line to 'None'
[0.282s] Level 5:colcon.colcon_core.verb:set package 'weather_pkg' build argument 'catkin_cmake_args' from command line to 'None'
[0.283s] Level 5:colcon.colcon_core.verb:set package 'weather_pkg' build argument 'catkin_skip_building_tests' from command line to 'False'
[0.283s] DEBUG:colcon.colcon_core.verb:Building package 'weather_pkg' with the following arguments: {'ament_cmake_args': None, 'build_base': '/home/bun/ros2_weather_ws/build/weather_pkg', 'catkin_cmake_args': None, 'catkin_skip_building_tests': False, 'cmake_args': None, 'cmake_clean_cache': False, 'cmake_clean_first': False, 'cmake_force_configure': False, 'cmake_target': None, 'cmake_target_skip_unavailable': False, 'install_base': '/home/bun/ros2_weather_ws/install/weather_pkg', 'merge_install': False, 'path': '/home/bun/ros2_weather_ws/src/weather_pkg', 'symlink_install': True, 'test_result_base': None}
[0.283s] INFO:colcon.colcon_core.executor:Executing jobs using 'parallel' executor
[0.283s] DEBUG:colcon.colcon_parallel_executor.executor.parallel:run_until_complete
[0.284s] INFO:colcon.colcon_ros.task.ament_python.build:Building ROS package in '/home/bun/ros2_weather_ws/src/weather_pkg' with build type 'ament_python'
[0.284s] Level 1:colcon.colcon_core.shell:create_environment_hook('weather_pkg', 'ament_prefix_path')
[0.285s] INFO:colcon.colcon_core.plugin_system:Skipping extension 'colcon_core.shell.bat': Not used on non-Windows systems
[0.285s] INFO:colcon.colcon_core.shell:Creating environment hook '/home/bun/ros2_weather_ws/install/weather_pkg/share/weather_pkg/hook/ament_prefix_path.ps1'
[0.286s] INFO:colcon.colcon_core.shell:Creating environment descriptor '/home/bun/ros2_weather_ws/install/weather_pkg/share/weather_pkg/hook/ament_prefix_path.dsv'
[0.286s] INFO:colcon.colcon_core.shell:Creating environment hook '/home/bun/ros2_weather_ws/install/weather_pkg/share/weather_pkg/hook/ament_prefix_path.sh'
[0.287s] INFO:colcon.colcon_core.shell:Skip shell extension 'powershell' for command environment: Not usable outside of PowerShell
[0.287s] DEBUG:colcon.colcon_core.shell:Skip shell extension 'dsv' for command environment
[0.416s] INFO:colcon.colcon_core.task.python.build:Building Python package in '/home/bun/ros2_weather_ws/src/weather_pkg'
[0.416s] INFO:colcon.colcon_core.shell:Skip shell extension 'powershell' for command environment: Not usable outside of PowerShell
[0.416s] DEBUG:colcon.colcon_core.shell:Skip shell extension 'dsv' for command environment
[0.637s] DEBUG:colcon.colcon_core.task.python.build:While undoing a previous installation files outside the Python library path are being ignored: /home/bun/ros2_weather_ws/install/weather_pkg/share/ament_index/resource_index/packages/weather_pkg
[0.637s] DEBUG:colcon.colcon_core.task.python.build:While undoing a previous installation files outside the Python library path are being ignored: /home/bun/ros2_weather_ws/install/weather_pkg/share/weather_pkg/package.xml
[0.642s] DEBUG:colcon.colcon_core.event_handler.log_command:Invoking command in '/home/bun/ros2_weather_ws/build/weather_pkg': PYTHONPATH=/home/bun/ros2_weather_ws/build/weather_pkg/prefix_override:/usr/lib/python3/dist-packages/colcon_core/task/python/colcon_distutils_commands:/home/bun/ros2_weather_ws/install/weather_pkg/lib/python3.8/site-packages:${PYTHONPATH} /usr/bin/python3 -W ignore:setup.py install is deprecated setup.py develop --editable --build-directory /home/bun/ros2_weather_ws/build/weather_pkg/build --no-deps symlink_data --force
[0.894s] Level 1:colcon.colcon_core.shell:create_environment_hook('weather_pkg', 'pythonpath_develop')
[0.894s] INFO:colcon.colcon_core.shell:Creating environment hook '/home/bun/ros2_weather_ws/build/weather_pkg/share/weather_pkg/hook/pythonpath_develop.ps1'
[0.895s] DEBUG:colcon.colcon_core.event_handler.log_command:Invoked command in '/home/bun/ros2_weather_ws/build/weather_pkg' returned '0': PYTHONPATH=/home/bun/ros2_weather_ws/build/weather_pkg/prefix_override:/usr/lib/python3/dist-packages/colcon_core/task/python/colcon_distutils_commands:/home/bun/ros2_weather_ws/install/weather_pkg/lib/python3.8/site-packages:${PYTHONPATH} /usr/bin/python3 -W ignore:setup.py install is deprecated setup.py develop --editable --build-directory /home/bun/ros2_weather_ws/build/weather_pkg/build --no-deps symlink_data --force
[0.895s] INFO:colcon.colcon_core.shell:Creating environment descriptor '/home/bun/ros2_weather_ws/build/weather_pkg/share/weather_pkg/hook/pythonpath_develop.dsv'
[0.895s] INFO:colcon.colcon_core.shell:Creating environment hook '/home/bun/ros2_weather_ws/build/weather_pkg/share/weather_pkg/hook/pythonpath_develop.sh'
[0.897s] Level 1:colcon.colcon_core.environment:checking '/home/bun/ros2_weather_ws/install/weather_pkg' for CMake module files
[0.897s] Level 1:colcon.colcon_core.environment:checking '/home/bun/ros2_weather_ws/install/weather_pkg' for CMake config files
[0.897s] Level 1:colcon.colcon_core.environment:checking '/home/bun/ros2_weather_ws/install/weather_pkg/lib'
[0.898s] Level 1:colcon.colcon_core.environment:checking '/home/bun/ros2_weather_ws/install/weather_pkg/bin'
[0.898s] Level 1:colcon.colcon_core.environment:checking '/home/bun/ros2_weather_ws/install/weather_pkg/lib/pkgconfig/weather_pkg.pc'
[0.898s] Level 1:colcon.colcon_core.environment:checking '/home/bun/ros2_weather_ws/install/weather_pkg/lib/python3.8/site-packages'
[0.898s] Level 1:colcon.colcon_core.shell:create_environment_hook('weather_pkg', 'pythonpath')
[0.898s] INFO:colcon.colcon_core.shell:Creating environment hook '/home/bun/ros2_weather_ws/install/weather_pkg/share/weather_pkg/hook/pythonpath.ps1'
[0.898s] INFO:colcon.colcon_core.shell:Creating environment descriptor '/home/bun/ros2_weather_ws/install/weather_pkg/share/weather_pkg/hook/pythonpath.dsv'
[0.898s] INFO:colcon.colcon_core.shell:Creating environment hook '/home/bun/ros2_weather_ws/install/weather_pkg/share/weather_pkg/hook/pythonpath.sh'
[0.899s] Level 1:colcon.colcon_core.environment:checking '/home/bun/ros2_weather_ws/install/weather_pkg/bin'
[0.899s] Level 1:colcon.colcon_core.environment:create_environment_scripts_only(weather_pkg)
[0.899s] INFO:colcon.colcon_core.shell:Creating package script '/home/bun/ros2_weather_ws/install/weather_pkg/share/weather_pkg/package.ps1'
[0.899s] INFO:colcon.colcon_core.shell:Creating package descriptor '/home/bun/ros2_weather_ws/install/weather_pkg/share/weather_pkg/package.dsv'
[0.900s] INFO:colcon.colcon_core.shell:Creating package script '/home/bun/ros2_weather_ws/install/weather_pkg/share/weather_pkg/package.sh'
[0.900s] INFO:colcon.colcon_core.shell:Creating package script '/home/bun/ros2_weather_ws/install/weather_pkg/share/weather_pkg/package.bash'
[0.901s] INFO:colcon.colcon_core.shell:Creating package script '/home/bun/ros2_weather_ws/install/weather_pkg/share/weather_pkg/package.zsh'
[0.901s] Level 1:colcon.colcon_core.environment:create_file_with_runtime_dependencies(/home/bun/ros2_weather_ws/install/weather_pkg/share/colcon-core/packages/weather_pkg)
[0.901s] DEBUG:colcon.colcon_parallel_executor.executor.parallel:closing loop
[0.902s] DEBUG:colcon.colcon_parallel_executor.executor.parallel:loop closed
[0.902s] DEBUG:colcon.colcon_parallel_executor.executor.parallel:run_until_complete finished with '0'
[0.902s] DEBUG:colcon.colcon_core.event_reactor:joining thread
[0.929s] INFO:colcon.colcon_core.plugin_system:Skipping extension 'colcon_notification.desktop_notification.notify_send': Could not find 'notify-send'
[0.930s] INFO:colcon.colcon_core.plugin_system:Skipping extension 'colcon_notification.desktop_notification.terminal_notifier': Not used on non-Darwin systems
[0.930s] INFO:colcon.colcon_core.plugin_system:Skipping extension 'colcon_notification.desktop_notification.win32': Not used on non-Windows systems
[0.930s] INFO:colcon.colcon_notification.desktop_notification:Sending desktop notification using 'notify2'
[0.933s] DEBUG:colcon.colcon_notification.desktop_notification.notify2:Failed to initialize notify2: org.freedesktop.DBus.Error.ServiceUnknown: The name org.freedesktop.Notifications was not provided by any .service files
[0.933s] DEBUG:colcon.colcon_core.event_reactor:joined thread
[0.933s] INFO:colcon.colcon_core.shell:Creating prefix script '/home/bun/ros2_weather_ws/install/local_setup.ps1'
[0.934s] INFO:colcon.colcon_core.shell:Creating prefix util module '/home/bun/ros2_weather_ws/install/_local_setup_util_ps1.py'
[0.935s] INFO:colcon.colcon_core.shell:Creating prefix chain script '/home/bun/ros2_weather_ws/install/setup.ps1'
[0.936s] INFO:colcon.colcon_core.shell:Creating prefix script '/home/bun/ros2_weather_ws/install/local_setup.sh'
[0.936s] INFO:colcon.colcon_core.shell:Creating prefix util module '/home/bun/ros2_weather_ws/install/_local_setup_util_sh.py'
[0.936s] INFO:colcon.colcon_core.shell:Creating prefix chain script '/home/bun/ros2_weather_ws/install/setup.sh'
[0.937s] INFO:colcon.colcon_core.shell:Creating prefix script '/home/bun/ros2_weather_ws/install/local_setup.bash'
[0.937s] INFO:colcon.colcon_core.shell:Creating prefix chain script '/home/bun/ros2_weather_ws/install/setup.bash'
[0.938s] INFO:colcon.colcon_core.shell:Creating prefix script '/home/bun/ros2_weather_ws/install/local_setup.zsh'
[0.938s] INFO:colcon.colcon_core.shell:Creating prefix chain script '/home/bun/ros2_weather_ws/install/setup.zsh'
