[0.143s] DEBUG:colcon:Command line arguments: ['/usr/bin/colcon', 'build', '--symlink-install']
[0.143s] DEBUG:colcon:Parsed command line arguments: Namespace(allow_overriding=[], ament_cmake_args=None, base_paths=['.'], build_base='build', catkin_cmake_args=None, catkin_skip_building_tests=False, cmake_args=None, cmake_clean_cache=False, cmake_clean_first=False, cmake_force_configure=False, cmake_target=None, cmake_target_skip_unavailable=False, continue_on_error=False, event_handlers=None, executor='parallel', ignore_user_meta=False, install_base='install', log_base=None, log_level=None, main=<bound method BuildVerb.main of <colcon_core.verb.build.BuildVerb object at 0x7f94db36dcd0>>, merge_install=False, metas=['./colcon.meta'], packages_above=None, packages_above_and_dependencies=None, packages_above_depth=None, packages_end=None, packages_ignore=None, packages_ignore_regex=None, packages_select=None, packages_select_build_failed=False, packages_select_by_dep=None, packages_select_regex=None, packages_select_test_failures=False, packages_skip=None, packages_skip_build_finished=False, packages_skip_by_dep=None, packages_skip_regex=None, packages_skip_test_passed=False, packages_skip_up_to=None, packages_start=None, packages_up_to=None, packages_up_to_regex=None, parallel_workers=8, paths=None, symlink_install=True, test_result_base=None, verb_extension=<colcon_core.verb.build.BuildVerb object at 0x7f94db36dcd0>, verb_name='build', verb_parser=<colcon_defaults.argument_parser.defaults.DefaultArgumentsDecorator object at 0x7f94db37d160>)
[0.227s] Level 1:colcon.colcon_core.package_discovery:discover_packages(colcon_meta) check parameters
[0.227s] Level 1:colcon.colcon_core.package_discovery:discover_packages(recursive) check parameters
[0.227s] Level 1:colcon.colcon_core.package_discovery:discover_packages(ignore) check parameters
[0.227s] Level 1:colcon.colcon_core.package_discovery:discover_packages(path) check parameters
[0.227s] Level 1:colcon.colcon_core.package_discovery:discover_packages(colcon_meta) discover
[0.227s] Level 1:colcon.colcon_core.package_discovery:discover_packages(recursive) discover
[0.227s] INFO:colcon.colcon_core.package_discovery:Crawling recursively for packages in '/home/bun/ros2_weather_ws'
[0.227s] Level 1:colcon.colcon_core.package_identification:_identify(.) by extensions ['ignore', 'ignore_ament_install']
[0.227s] Level 1:colcon.colcon_core.package_identification:_identify(.) by extension 'ignore'
[0.228s] Level 1:colcon.colcon_core.package_identification:_identify(.) by extension 'ignore_ament_install'
[0.228s] Level 1:colcon.colcon_core.package_identification:_identify(.) by extensions ['colcon_pkg']
[0.228s] Level 1:colcon.colcon_core.package_identification:_identify(.) by extension 'colcon_pkg'
[0.228s] Level 1:colcon.colcon_core.package_identification:_identify(.) by extensions ['colcon_meta']
[0.228s] Level 1:colcon.colcon_core.package_identification:_identify(.) by extension 'colcon_meta'
[0.228s] Level 1:colcon.colcon_core.package_identification:_identify(.) by extensions ['ros']
[0.228s] Level 1:colcon.colcon_core.package_identification:_identify(.) by extension 'ros'
[0.235s] Level 1:colcon.colcon_core.package_identification:_identify(.) by extensions ['cmake', 'python']
[0.235s] Level 1:colcon.colcon_core.package_identification:_identify(.) by extension 'cmake'
[0.235s] Level 1:colcon.colcon_core.package_identification:_identify(.) by extension 'python'
[0.235s] Level 1:colcon.colcon_core.package_identification:_identify(.) by extensions ['python_setup_py']
[0.235s] Level 1:colcon.colcon_core.package_identification:_identify(.) by extension 'python_setup_py'
[0.236s] Level 1:colcon.colcon_core.package_identification:_identify(build) by extensions ['ignore', 'ignore_ament_install']
[0.236s] Level 1:colcon.colcon_core.package_identification:_identify(build) by extension 'ignore'
[0.236s] Level 1:colcon.colcon_core.package_identification:_identify(build) ignored
[0.236s] Level 1:colcon.colcon_core.package_identification:_identify(install) by extensions ['ignore', 'ignore_ament_install']
[0.236s] Level 1:colcon.colcon_core.package_identification:_identify(install) by extension 'ignore'
[0.236s] Level 1:colcon.colcon_core.package_identification:_identify(install) ignored
[0.236s] Level 1:colcon.colcon_core.package_identification:_identify(log) by extensions ['ignore', 'ignore_ament_install']
[0.236s] Level 1:colcon.colcon_core.package_identification:_identify(log) by extension 'ignore'
[0.236s] Level 1:colcon.colcon_core.package_identification:_identify(log) ignored
[0.236s] Level 1:colcon.colcon_core.package_identification:_identify(src) by extensions ['ignore', 'ignore_ament_install']
[0.236s] Level 1:colcon.colcon_core.package_identification:_identify(src) by extension 'ignore'
[0.236s] Level 1:colcon.colcon_core.package_identification:_identify(src) by extension 'ignore_ament_install'
[0.236s] Level 1:colcon.colcon_core.package_identification:_identify(src) by extensions ['colcon_pkg']
[0.236s] Level 1:colcon.colcon_core.package_identification:_identify(src) by extension 'colcon_pkg'
[0.236s] Level 1:colcon.colcon_core.package_identification:_identify(src) by extensions ['colcon_meta']
[0.236s] Level 1:colcon.colcon_core.package_identification:_identify(src) by extension 'colcon_meta'
[0.236s] Level 1:colcon.colcon_core.package_identification:_identify(src) by extensions ['ros']
[0.236s] Level 1:colcon.colcon_core.package_identification:_identify(src) by extension 'ros'
[0.236s] Level 1:colcon.colcon_core.package_identification:_identify(src) by extensions ['cmake', 'python']
[0.236s] Level 1:colcon.colcon_core.package_identification:_identify(src) by extension 'cmake'
[0.236s] Level 1:colcon.colcon_core.package_identification:_identify(src) by extension 'python'
[0.236s] Level 1:colcon.colcon_core.package_identification:_identify(src) by extensions ['python_setup_py']
[0.236s] Level 1:colcon.colcon_core.package_identification:_identify(src) by extension 'python_setup_py'
[0.236s] Level 1:colcon.colcon_core.package_identification:_identify(src/weather_pkg) by extensions ['ignore', 'ignore_ament_install']
[0.236s] Level 1:colcon.colcon_core.package_identification:_identify(src/weather_pkg) by extension 'ignore'
[0.236s] Level 1:colcon.colcon_core.package_identification:_identify(src/weather_pkg) by extension 'ignore_ament_install'
[0.236s] Level 1:colcon.colcon_core.package_identification:_identify(src/weather_pkg) by extensions ['colcon_pkg']
[0.236s] Level 1:colcon.colcon_core.package_identification:_identify(src/weather_pkg) by extension 'colcon_pkg'
[0.236s] Level 1:colcon.colcon_core.package_identification:_identify(src/weather_pkg) by extensions ['colcon_meta']
[0.236s] Level 1:colcon.colcon_core.package_identification:_identify(src/weather_pkg) by extension 'colcon_meta'
[0.236s] Level 1:colcon.colcon_core.package_identification:_identify(src/weather_pkg) by extensions ['ros']
[0.237s] Level 1:colcon.colcon_core.package_identification:_identify(src/weather_pkg) by extension 'ros'
[0.238s] DEBUG:colcon.colcon_core.package_identification:Package 'src/weather_pkg' with type 'ros.catkin' and name 'weather_pkg'
[0.238s] Level 1:colcon.colcon_core.package_discovery:discover_packages(recursive) using defaults
[0.238s] Level 1:colcon.colcon_core.package_discovery:discover_packages(ignore) discover
[0.238s] Level 1:colcon.colcon_core.package_discovery:discover_packages(ignore) using defaults
[0.238s] Level 1:colcon.colcon_core.package_discovery:discover_packages(path) discover
[0.238s] Level 1:colcon.colcon_core.package_discovery:discover_packages(path) using defaults
[0.248s] Level 1:colcon.colcon_core.package_discovery:discover_packages(prefix_path) check parameters
[0.248s] Level 1:colcon.colcon_core.package_discovery:discover_packages(prefix_path) discover
[0.249s] DEBUG:colcon.colcon_installed_package_information.package_discovery:Found 1 installed packages in /home/bun/ros2_weather_ws/install
[0.249s] DEBUG:colcon.colcon_installed_package_information.package_discovery:Found 0 installed packages in /home/bun/ros2_ws/install
[0.250s] DEBUG:colcon.colcon_installed_package_information.package_discovery:Found 257 installed packages in /opt/ros/foxy
[0.251s] Level 1:colcon.colcon_core.package_discovery:discover_packages(prefix_path) using defaults
[0.287s] Level 5:colcon.colcon_core.verb:set package 'weather_pkg' build argument 'cmake_args' from command line to 'None'
[0.287s] Level 5:colcon.colcon_core.verb:set package 'weather_pkg' build argument 'cmake_target' from command line to 'None'
[0.287s] Level 5:colcon.colcon_core.verb:set package 'weather_pkg' build argument 'cmake_target_skip_unavailable' from command line to 'False'
[0.287s] Level 5:colcon.colcon_core.verb:set package 'weather_pkg' build argument 'cmake_clean_cache' from command line to 'False'
[0.287s] Level 5:colcon.colcon_core.verb:set package 'weather_pkg' build argument 'cmake_clean_first' from command line to 'False'
[0.287s] Level 5:colcon.colcon_core.verb:set package 'weather_pkg' build argument 'cmake_force_configure' from command line to 'False'
[0.287s] Level 5:colcon.colcon_core.verb:set package 'weather_pkg' build argument 'ament_cmake_args' from command line to 'None'
[0.287s] Level 5:colcon.colcon_core.verb:set package 'weather_pkg' build argument 'catkin_cmake_args' from command line to 'None'
[0.287s] Level 5:colcon.colcon_core.verb:set package 'weather_pkg' build argument 'catkin_skip_building_tests' from command line to 'False'
[0.287s] DEBUG:colcon.colcon_core.verb:Building package 'weather_pkg' with the following arguments: {'ament_cmake_args': None, 'build_base': '/home/bun/ros2_weather_ws/build/weather_pkg', 'catkin_cmake_args': None, 'catkin_skip_building_tests': False, 'cmake_args': None, 'cmake_clean_cache': False, 'cmake_clean_first': False, 'cmake_force_configure': False, 'cmake_target': None, 'cmake_target_skip_unavailable': False, 'install_base': '/home/bun/ros2_weather_ws/install/weather_pkg', 'merge_install': False, 'path': '/home/bun/ros2_weather_ws/src/weather_pkg', 'symlink_install': True, 'test_result_base': None}
[0.287s] INFO:colcon.colcon_core.executor:Executing jobs using 'parallel' executor
[0.289s] DEBUG:colcon.colcon_parallel_executor.executor.parallel:run_until_complete
[0.289s] INFO:colcon.colcon_ros.task.catkin.build:Building ROS package in '/home/bun/ros2_weather_ws/src/weather_pkg' with build type 'catkin'
[0.289s] INFO:colcon.colcon_cmake.task.cmake.build:Building CMake package in '/home/bun/ros2_weather_ws/src/weather_pkg'
[0.290s] INFO:colcon.colcon_core.plugin_system:Skipping extension 'colcon_core.shell.bat': Not used on non-Windows systems
[0.291s] INFO:colcon.colcon_core.shell:Skip shell extension 'powershell' for command environment: Not usable outside of PowerShell
[0.291s] DEBUG:colcon.colcon_core.shell:Skip shell extension 'dsv' for command environment
[0.298s] DEBUG:colcon.colcon_core.event_handler.log_command:Invoking command in '/home/bun/ros2_weather_ws/build/weather_pkg': /usr/bin/cmake --build /home/bun/ros2_weather_ws/build/weather_pkg -- -j8 -l8
[0.325s] DEBUG:colcon.colcon_core.event_handler.log_command:Invoked command in '/home/bun/ros2_weather_ws/build/weather_pkg' returned '0': /usr/bin/cmake --build /home/bun/ros2_weather_ws/build/weather_pkg -- -j8 -l8
[0.333s] DEBUG:colcon.colcon_core.event_handler.log_command:Invoking command in '/home/bun/ros2_weather_ws/build/weather_pkg': /usr/bin/cmake --install /home/bun/ros2_weather_ws/build/weather_pkg
[0.358s] DEBUG:colcon.colcon_core.event_handler.log_command:Invoked command in '/home/bun/ros2_weather_ws/build/weather_pkg' returned '1': /usr/bin/cmake --install /home/bun/ros2_weather_ws/build/weather_pkg
[0.358s] Level 1:colcon.colcon_core.shell:create_environment_hook('weather_pkg', 'ros_package_path')
[0.359s] INFO:colcon.colcon_core.shell:Creating environment hook '/home/bun/ros2_weather_ws/install/weather_pkg/share/weather_pkg/hook/ros_package_path.ps1'
[0.359s] INFO:colcon.colcon_core.shell:Creating environment descriptor '/home/bun/ros2_weather_ws/install/weather_pkg/share/weather_pkg/hook/ros_package_path.dsv'
[0.359s] INFO:colcon.colcon_core.shell:Creating environment hook '/home/bun/ros2_weather_ws/install/weather_pkg/share/weather_pkg/hook/ros_package_path.sh'
[0.360s] Level 1:colcon.colcon_ros.task.catkin:checking '/home/bun/ros2_weather_ws/install/weather_pkg/lib/python3.8/site-packages'
[0.360s] Level 1:colcon.colcon_core.shell:create_environment_hook('weather_pkg', 'catkin_pythonpath')
[0.360s] INFO:colcon.colcon_core.shell:Creating environment hook '/home/bun/ros2_weather_ws/install/weather_pkg/share/weather_pkg/hook/catkin_pythonpath.ps1'
[0.360s] INFO:colcon.colcon_core.shell:Creating environment descriptor '/home/bun/ros2_weather_ws/install/weather_pkg/share/weather_pkg/hook/catkin_pythonpath.dsv'
[0.360s] INFO:colcon.colcon_core.shell:Creating environment hook '/home/bun/ros2_weather_ws/install/weather_pkg/share/weather_pkg/hook/catkin_pythonpath.sh'
[0.361s] Level 1:colcon.colcon_core.shell:create_environment_hook('weather_pkg', 'pkg_config_path')
[0.361s] INFO:colcon.colcon_core.shell:Creating environment hook '/home/bun/ros2_weather_ws/install/weather_pkg/share/weather_pkg/hook/pkg_config_path.ps1'
[0.361s] INFO:colcon.colcon_core.shell:Creating environment descriptor '/home/bun/ros2_weather_ws/install/weather_pkg/share/weather_pkg/hook/pkg_config_path.dsv'
[0.361s] INFO:colcon.colcon_core.shell:Creating environment hook '/home/bun/ros2_weather_ws/install/weather_pkg/share/weather_pkg/hook/pkg_config_path.sh'
[0.363s] Level 1:colcon.colcon_core.shell:create_environment_hook('weather_pkg', 'pkg_config_path_multiarch')
[0.364s] INFO:colcon.colcon_core.shell:Creating environment hook '/home/bun/ros2_weather_ws/install/weather_pkg/share/weather_pkg/hook/pkg_config_path_multiarch.ps1'
[0.364s] INFO:colcon.colcon_core.shell:Creating environment descriptor '/home/bun/ros2_weather_ws/install/weather_pkg/share/weather_pkg/hook/pkg_config_path_multiarch.dsv'
[0.364s] INFO:colcon.colcon_core.shell:Creating environment hook '/home/bun/ros2_weather_ws/install/weather_pkg/share/weather_pkg/hook/pkg_config_path_multiarch.sh'
[0.365s] Level 1:colcon.colcon_core.environment:create_environment_scripts_only(weather_pkg)
[0.366s] Level 1:colcon.colcon_core.environment:checking '/home/bun/ros2_weather_ws/install/weather_pkg' for CMake module files
[0.366s] Level 1:colcon.colcon_core.environment:checking '/home/bun/ros2_weather_ws/install/weather_pkg' for CMake config files
[0.367s] Level 1:colcon.colcon_core.shell:create_environment_hook('weather_pkg', 'cmake_prefix_path')
[0.367s] INFO:colcon.colcon_core.shell:Creating environment hook '/home/bun/ros2_weather_ws/install/weather_pkg/share/weather_pkg/hook/cmake_prefix_path.ps1'
[0.367s] INFO:colcon.colcon_core.shell:Creating environment descriptor '/home/bun/ros2_weather_ws/install/weather_pkg/share/weather_pkg/hook/cmake_prefix_path.dsv'
[0.367s] INFO:colcon.colcon_core.shell:Creating environment hook '/home/bun/ros2_weather_ws/install/weather_pkg/share/weather_pkg/hook/cmake_prefix_path.sh'
[0.368s] Level 1:colcon.colcon_core.environment:checking '/home/bun/ros2_weather_ws/install/weather_pkg/lib'
[0.368s] Level 1:colcon.colcon_core.environment:checking '/home/bun/ros2_weather_ws/install/weather_pkg/bin'
[0.368s] Level 1:colcon.colcon_core.environment:checking '/home/bun/ros2_weather_ws/install/weather_pkg/lib/pkgconfig/weather_pkg.pc'
[0.368s] Level 1:colcon.colcon_core.environment:checking '/home/bun/ros2_weather_ws/install/weather_pkg/lib/python3.8/site-packages'
[0.368s] Level 1:colcon.colcon_core.shell:create_environment_hook('weather_pkg', 'pythonpath')
[0.368s] INFO:colcon.colcon_core.shell:Creating environment hook '/home/bun/ros2_weather_ws/install/weather_pkg/share/weather_pkg/hook/pythonpath.ps1'
[0.368s] INFO:colcon.colcon_core.shell:Creating environment descriptor '/home/bun/ros2_weather_ws/install/weather_pkg/share/weather_pkg/hook/pythonpath.dsv'
[0.368s] INFO:colcon.colcon_core.shell:Creating environment hook '/home/bun/ros2_weather_ws/install/weather_pkg/share/weather_pkg/hook/pythonpath.sh'
[0.369s] Level 1:colcon.colcon_core.environment:checking '/home/bun/ros2_weather_ws/install/weather_pkg/bin'
[0.369s] INFO:colcon.colcon_core.shell:Creating package script '/home/bun/ros2_weather_ws/install/weather_pkg/share/weather_pkg/package.ps1'
[0.370s] INFO:colcon.colcon_core.shell:Creating package descriptor '/home/bun/ros2_weather_ws/install/weather_pkg/share/weather_pkg/package.dsv'
[0.370s] INFO:colcon.colcon_core.shell:Creating package script '/home/bun/ros2_weather_ws/install/weather_pkg/share/weather_pkg/package.sh'
[0.371s] INFO:colcon.colcon_core.shell:Creating package script '/home/bun/ros2_weather_ws/install/weather_pkg/share/weather_pkg/package.bash'
[0.371s] INFO:colcon.colcon_core.shell:Creating package script '/home/bun/ros2_weather_ws/install/weather_pkg/share/weather_pkg/package.zsh'
[0.371s] Level 1:colcon.colcon_core.environment:create_file_with_runtime_dependencies(/home/bun/ros2_weather_ws/install/weather_pkg/share/colcon-core/packages/weather_pkg)
[0.382s] DEBUG:colcon.colcon_parallel_executor.executor.parallel:closing loop
[0.382s] DEBUG:colcon.colcon_parallel_executor.executor.parallel:loop closed
[0.382s] DEBUG:colcon.colcon_parallel_executor.executor.parallel:run_until_complete finished with '1'
[0.382s] DEBUG:colcon.colcon_core.event_reactor:joining thread
[0.407s] INFO:colcon.colcon_core.plugin_system:Skipping extension 'colcon_notification.desktop_notification.notify_send': Could not find 'notify-send'
[0.408s] INFO:colcon.colcon_core.plugin_system:Skipping extension 'colcon_notification.desktop_notification.terminal_notifier': Not used on non-Darwin systems
[0.408s] INFO:colcon.colcon_core.plugin_system:Skipping extension 'colcon_notification.desktop_notification.win32': Not used on non-Windows systems
[0.408s] INFO:colcon.colcon_notification.desktop_notification:Sending desktop notification using 'notify2'
[0.411s] DEBUG:colcon.colcon_notification.desktop_notification.notify2:Failed to initialize notify2: org.freedesktop.DBus.Error.ServiceUnknown: The name org.freedesktop.Notifications was not provided by any .service files
[0.411s] DEBUG:colcon.colcon_core.event_reactor:joined thread
[0.411s] INFO:colcon.colcon_core.shell:Creating prefix script '/home/bun/ros2_weather_ws/install/local_setup.ps1'
[0.412s] INFO:colcon.colcon_core.shell:Creating prefix util module '/home/bun/ros2_weather_ws/install/_local_setup_util_ps1.py'
[0.413s] INFO:colcon.colcon_core.shell:Creating prefix chain script '/home/bun/ros2_weather_ws/install/setup.ps1'
[0.414s] INFO:colcon.colcon_core.shell:Creating prefix script '/home/bun/ros2_weather_ws/install/local_setup.sh'
[0.414s] INFO:colcon.colcon_core.shell:Creating prefix util module '/home/bun/ros2_weather_ws/install/_local_setup_util_sh.py'
[0.414s] INFO:colcon.colcon_core.shell:Creating prefix chain script '/home/bun/ros2_weather_ws/install/setup.sh'
[0.415s] INFO:colcon.colcon_core.shell:Creating prefix script '/home/bun/ros2_weather_ws/install/local_setup.bash'
[0.415s] INFO:colcon.colcon_core.shell:Creating prefix chain script '/home/bun/ros2_weather_ws/install/setup.bash'
[0.416s] INFO:colcon.colcon_core.shell:Creating prefix script '/home/bun/ros2_weather_ws/install/local_setup.zsh'
[0.416s] INFO:colcon.colcon_core.shell:Creating prefix chain script '/home/bun/ros2_weather_ws/install/setup.zsh'
