[0.459s] Invoking command in '/home/bun/ros2_weather_ws/src/weather_pkg': PYTHONPATH=/home/bun/ros2_weather_ws/build/weather_pkg/prefix_override:/usr/lib/python3/dist-packages/colcon_core/task/python/colcon_distutils_commands:/home/bun/ros2_weather_ws/install/weather_pkg/lib/python3.8/site-packages:${PYTHONPATH} /usr/bin/python3 -W ignore:setup.py install is deprecated setup.py egg_info --egg-base ../../build/weather_pkg build --build-base /home/bun/ros2_weather_ws/build/weather_pkg/build install --record /home/bun/ros2_weather_ws/build/weather_pkg/install.log --install-scripts $base/lib/weather_pkg --single-version-externally-managed install_data
[0.580s] running egg_info
[0.580s] writing ../../build/weather_pkg/weather_pkg.egg-info/PKG-INFO
[0.580s] writing dependency_links to ../../build/weather_pkg/weather_pkg.egg-info/dependency_links.txt
[0.580s] writing entry points to ../../build/weather_pkg/weather_pkg.egg-info/entry_points.txt
[0.580s] writing requirements to ../../build/weather_pkg/weather_pkg.egg-info/requires.txt
[0.580s] writing top-level names to ../../build/weather_pkg/weather_pkg.egg-info/top_level.txt
[0.608s] reading manifest file '../../build/weather_pkg/weather_pkg.egg-info/SOURCES.txt'
[0.609s] writing manifest file '../../build/weather_pkg/weather_pkg.egg-info/SOURCES.txt'
[0.609s] running build
[0.609s] running build_py
[0.609s] running install
[0.610s] running install_lib
[0.612s] running install_data
[0.612s] running install_egg_info
[0.613s] removing '/home/bun/ros2_weather_ws/install/weather_pkg/lib/python3.8/site-packages/weather_pkg-0.0.0-py3.8.egg-info' (and everything under it)
[0.614s] Copying ../../build/weather_pkg/weather_pkg.egg-info to /home/bun/ros2_weather_ws/install/weather_pkg/lib/python3.8/site-packages/weather_pkg-0.0.0-py3.8.egg-info
[0.615s] running install_scripts
[0.626s] writing list of installed files to '/home/bun/ros2_weather_ws/build/weather_pkg/install.log'
[0.639s] Invoked command in '/home/bun/ros2_weather_ws/src/weather_pkg' returned '0': PYTHONPATH=/home/bun/ros2_weather_ws/build/weather_pkg/prefix_override:/usr/lib/python3/dist-packages/colcon_core/task/python/colcon_distutils_commands:/home/bun/ros2_weather_ws/install/weather_pkg/lib/python3.8/site-packages:${PYTHONPATH} /usr/bin/python3 -W ignore:setup.py install is deprecated setup.py egg_info --egg-base ../../build/weather_pkg build --build-base /home/bun/ros2_weather_ws/build/weather_pkg/build install --record /home/bun/ros2_weather_ws/build/weather_pkg/install.log --install-scripts $base/lib/weather_pkg --single-version-externally-managed install_data
