[0.012s] Invoking command in '/home/bun/ros2_weather_ws/build/weather_pkg': /usr/bin/cmake --build /home/bun/ros2_weather_ws/build/weather_pkg -- -j8 -l8
[0.035s] Invoked command in '/home/bun/ros2_weather_ws/build/weather_pkg' returned '0': /usr/bin/cmake --build /home/bun/ros2_weather_ws/build/weather_pkg -- -j8 -l8
[0.043s] Invoking command in '/home/bun/ros2_weather_ws/build/weather_pkg': /usr/bin/cmake --install /home/bun/ros2_weather_ws/build/weather_pkg
[0.047s] -- Install configuration: ""
[0.047s] -- Up-to-date: /home/bun/ros2_weather_ws/install/weather_pkg/lib/weather_pkg/weather_node.py
[0.047s] -- Up-to-date: /home/bun/ros2_weather_ws/install/weather_pkg/share/ament_index/resource_index/package_run_dependencies/weather_pkg
[0.047s] -- Up-to-date: /home/bun/ros2_weather_ws/install/weather_pkg/share/ament_index/resource_index/parent_prefix_path/weather_pkg
[0.047s] -- Up-to-date: /home/bun/ros2_weather_ws/install/weather_pkg/share/weather_pkg/environment/ament_prefix_path.sh
[0.047s] -- Up-to-date: /home/bun/ros2_weather_ws/install/weather_pkg/share/weather_pkg/environment/ament_prefix_path.dsv
[0.048s] -- Up-to-date: /home/bun/ros2_weather_ws/install/weather_pkg/share/weather_pkg/environment/path.sh
[0.048s] -- Up-to-date: /home/bun/ros2_weather_ws/install/weather_pkg/share/weather_pkg/environment/path.dsv
[0.048s] -- Up-to-date: /home/bun/ros2_weather_ws/install/weather_pkg/share/weather_pkg/local_setup.bash
[0.048s] -- Up-to-date: /home/bun/ros2_weather_ws/install/weather_pkg/share/weather_pkg/local_setup.sh
[0.048s] -- Up-to-date: /home/bun/ros2_weather_ws/install/weather_pkg/share/weather_pkg/local_setup.zsh
[0.048s] -- Up-to-date: /home/bun/ros2_weather_ws/install/weather_pkg/share/weather_pkg/local_setup.dsv
[0.048s] -- Installing: /home/bun/ros2_weather_ws/install/weather_pkg/share/weather_pkg/package.dsv
[0.048s] -- Up-to-date: /home/bun/ros2_weather_ws/install/weather_pkg/share/ament_index/resource_index/packages/weather_pkg
[0.049s] -- Up-to-date: /home/bun/ros2_weather_ws/install/weather_pkg/share/weather_pkg/cmake/weather_pkgConfig.cmake
[0.049s] -- Up-to-date: /home/bun/ros2_weather_ws/install/weather_pkg/share/weather_pkg/cmake/weather_pkgConfig-version.cmake
[0.049s] -- Up-to-date: /home/bun/ros2_weather_ws/install/weather_pkg/share/weather_pkg/package.xml
[0.049s] Invoked command in '/home/bun/ros2_weather_ws/build/weather_pkg' returned '0': /usr/bin/cmake --install /home/bun/ros2_weather_ws/build/weather_pkg
