running develop
Removing /home/bun/ros2_weather_ws/install/weather_pkg/lib/python3.8/site-packages/weather-pkg.egg-link (link to .)
running egg_info
writing ../../build/weather_pkg/weather_pkg.egg-info/PKG-INFO
writing dependency_links to ../../build/weather_pkg/weather_pkg.egg-info/dependency_links.txt
writing entry points to ../../build/weather_pkg/weather_pkg.egg-info/entry_points.txt
writing requirements to ../../build/weather_pkg/weather_pkg.egg-info/requires.txt
writing top-level names to ../../build/weather_pkg/weather_pkg.egg-info/top_level.txt
reading manifest file '../../build/weather_pkg/weather_pkg.egg-info/SOURCES.txt'
writing manifest file '../../build/weather_pkg/weather_pkg.egg-info/SOURCES.txt'
running build
running build_py
copying weather_pkg/weather_node.py -> /home/bun/ros2_weather_ws/build/weather_pkg/build/lib/weather_pkg
running install
running install_lib
copying /home/bun/ros2_weather_ws/build/weather_pkg/build/lib/weather_pkg/weather_node.py -> /home/bun/ros2_weather_ws/install/weather_pkg/lib/python3.8/site-packages/weather_pkg
copying /home/bun/ros2_weather_ws/build/weather_pkg/build/lib/weather_pkg/__init__.py -> /home/bun/ros2_weather_ws/install/weather_pkg/lib/python3.8/site-packages/weather_pkg
byte-compiling /home/bun/ros2_weather_ws/install/weather_pkg/lib/python3.8/site-packages/weather_pkg/weather_node.py to weather_node.cpython-38.pyc
byte-compiling /home/bun/ros2_weather_ws/install/weather_pkg/lib/python3.8/site-packages/weather_pkg/__init__.py to __init__.cpython-38.pyc
running install_data
copying resource/weather_pkg -> /home/bun/ros2_weather_ws/install/weather_pkg/share/ament_index/resource_index/packages
copying package.xml -> /home/bun/ros2_weather_ws/install/weather_pkg/share/weather_pkg
running install_egg_info
Copying ../../build/weather_pkg/weather_pkg.egg-info to /home/bun/ros2_weather_ws/install/weather_pkg/lib/python3.8/site-packages/weather_pkg-0.0.0-py3.8.egg-info
running install_scripts
Installing weather_node script to /home/bun/ros2_weather_ws/install/weather_pkg/lib/weather_pkg
writing list of installed files to '/home/bun/ros2_weather_ws/build/weather_pkg/install.log'
