[0.374s] Invoking command in '/home/bun/ros2_weather_ws/build/weather_pkg': PYTHONPATH=/home/bun/ros2_weather_ws/build/weather_pkg/prefix_override:/usr/lib/python3/dist-packages/colcon_core/task/python/colcon_distutils_commands:/home/bun/ros2_weather_ws/install/weather_pkg/lib/python3.8/site-packages:${PYTHONPATH} /usr/bin/python3 -W ignore:setup.py install is deprecated setup.py develop --uninstall --editable --build-directory /home/bun/ros2_weather_ws/build/weather_pkg/build
[0.509s] running develop
[0.580s] Removing /home/bun/ros2_weather_ws/install/weather_pkg/lib/python3.8/site-packages/weather-pkg.egg-link (link to .)
[0.594s] Invoked command in '/home/bun/ros2_weather_ws/build/weather_pkg' returned '0': PYTHONPATH=/home/bun/ros2_weather_ws/build/weather_pkg/prefix_override:/usr/lib/python3/dist-packages/colcon_core/task/python/colcon_distutils_commands:/home/bun/ros2_weather_ws/install/weather_pkg/lib/python3.8/site-packages:${PYTHONPATH} /usr/bin/python3 -W ignore:setup.py install is deprecated setup.py develop --uninstall --editable --build-directory /home/bun/ros2_weather_ws/build/weather_pkg/build
[0.596s] Invoking command in '/home/bun/ros2_weather_ws/src/weather_pkg': PYTHONPATH=/home/bun/ros2_weather_ws/build/weather_pkg/prefix_override:/usr/lib/python3/dist-packages/colcon_core/task/python/colcon_distutils_commands:/home/bun/ros2_weather_ws/install/weather_pkg/lib/python3.8/site-packages:${PYTHONPATH} /usr/bin/python3 -W ignore:setup.py install is deprecated setup.py egg_info --egg-base ../../build/weather_pkg build --build-base /home/bun/ros2_weather_ws/build/weather_pkg/build install --record /home/bun/ros2_weather_ws/build/weather_pkg/install.log --install-scripts $base/lib/weather_pkg --single-version-externally-managed install_data --force
[0.718s] running egg_info
[0.718s] writing ../../build/weather_pkg/weather_pkg.egg-info/PKG-INFO
[0.718s] writing dependency_links to ../../build/weather_pkg/weather_pkg.egg-info/dependency_links.txt
[0.718s] writing entry points to ../../build/weather_pkg/weather_pkg.egg-info/entry_points.txt
[0.719s] writing requirements to ../../build/weather_pkg/weather_pkg.egg-info/requires.txt
[0.719s] writing top-level names to ../../build/weather_pkg/weather_pkg.egg-info/top_level.txt
[0.739s] reading manifest file '../../build/weather_pkg/weather_pkg.egg-info/SOURCES.txt'
[0.740s] writing manifest file '../../build/weather_pkg/weather_pkg.egg-info/SOURCES.txt'
[0.740s] running build
[0.740s] running build_py
[0.740s] copying weather_pkg/weather_node.py -> /home/bun/ros2_weather_ws/build/weather_pkg/build/lib/weather_pkg
[0.740s] running install
[0.741s] running install_lib
[0.742s] copying /home/bun/ros2_weather_ws/build/weather_pkg/build/lib/weather_pkg/weather_node.py -> /home/bun/ros2_weather_ws/install/weather_pkg/lib/python3.8/site-packages/weather_pkg
[0.742s] copying /home/bun/ros2_weather_ws/build/weather_pkg/build/lib/weather_pkg/__init__.py -> /home/bun/ros2_weather_ws/install/weather_pkg/lib/python3.8/site-packages/weather_pkg
[0.742s] byte-compiling /home/bun/ros2_weather_ws/install/weather_pkg/lib/python3.8/site-packages/weather_pkg/weather_node.py to weather_node.cpython-38.pyc
[0.743s] byte-compiling /home/bun/ros2_weather_ws/install/weather_pkg/lib/python3.8/site-packages/weather_pkg/__init__.py to __init__.cpython-38.pyc
[0.743s] running install_data
[0.743s] copying resource/weather_pkg -> /home/bun/ros2_weather_ws/install/weather_pkg/share/ament_index/resource_index/packages
[0.743s] copying package.xml -> /home/bun/ros2_weather_ws/install/weather_pkg/share/weather_pkg
[0.743s] running install_egg_info
[0.744s] Copying ../../build/weather_pkg/weather_pkg.egg-info to /home/bun/ros2_weather_ws/install/weather_pkg/lib/python3.8/site-packages/weather_pkg-0.0.0-py3.8.egg-info
[0.745s] running install_scripts
[0.756s] Installing weather_node script to /home/bun/ros2_weather_ws/install/weather_pkg/lib/weather_pkg
[0.756s] writing list of installed files to '/home/bun/ros2_weather_ws/build/weather_pkg/install.log'
[0.770s] Invoked command in '/home/bun/ros2_weather_ws/src/weather_pkg' returned '0': PYTHONPATH=/home/bun/ros2_weather_ws/build/weather_pkg/prefix_override:/usr/lib/python3/dist-packages/colcon_core/task/python/colcon_distutils_commands:/home/bun/ros2_weather_ws/install/weather_pkg/lib/python3.8/site-packages:${PYTHONPATH} /usr/bin/python3 -W ignore:setup.py install is deprecated setup.py egg_info --egg-base ../../build/weather_pkg build --build-base /home/bun/ros2_weather_ws/build/weather_pkg/build install --record /home/bun/ros2_weather_ws/build/weather_pkg/install.log --install-scripts $base/lib/weather_pkg --single-version-externally-managed install_data --force
