[0.463s] Invoking command in '/home/bun/ros2_weather_ws/src/weather_pkg': PYTHONPATH=/home/bun/ros2_weather_ws/build/weather_pkg/prefix_override:/usr/lib/python3/dist-packages/colcon_core/task/python/colcon_distutils_commands:/home/bun/ros2_weather_ws/install/weather_pkg/lib/python3.8/site-packages:${PYTHONPATH} /usr/bin/python3 -W ignore:setup.py install is deprecated setup.py egg_info --egg-base ../../build/weather_pkg build --build-base /home/bun/ros2_weather_ws/build/weather_pkg/build install --record /home/bun/ros2_weather_ws/build/weather_pkg/install.log --install-scripts $base/lib/weather_pkg --single-version-externally-managed install_data
[0.586s] running egg_info
[0.586s] creating ../../build/weather_pkg/weather_pkg.egg-info
[0.587s] writing ../../build/weather_pkg/weather_pkg.egg-info/PKG-INFO
[0.587s] writing dependency_links to ../../build/weather_pkg/weather_pkg.egg-info/dependency_links.txt
[0.587s] writing entry points to ../../build/weather_pkg/weather_pkg.egg-info/entry_points.txt
[0.587s] writing requirements to ../../build/weather_pkg/weather_pkg.egg-info/requires.txt
[0.587s] writing top-level names to ../../build/weather_pkg/weather_pkg.egg-info/top_level.txt
[0.592s] writing manifest file '../../build/weather_pkg/weather_pkg.egg-info/SOURCES.txt'
[0.613s] reading manifest file '../../build/weather_pkg/weather_pkg.egg-info/SOURCES.txt'
[0.613s] writing manifest file '../../build/weather_pkg/weather_pkg.egg-info/SOURCES.txt'
[0.613s] running build
[0.613s] running build_py
[0.614s] creating /home/bun/ros2_weather_ws/build/weather_pkg/build
[0.614s] creating /home/bun/ros2_weather_ws/build/weather_pkg/build/lib
[0.614s] creating /home/bun/ros2_weather_ws/build/weather_pkg/build/lib/weather_pkg
[0.614s] copying weather_pkg/weather_node.py -> /home/bun/ros2_weather_ws/build/weather_pkg/build/lib/weather_pkg
[0.614s] copying weather_pkg/setup.py -> /home/bun/ros2_weather_ws/build/weather_pkg/build/lib/weather_pkg
[0.614s] copying weather_pkg/__init__.py -> /home/bun/ros2_weather_ws/build/weather_pkg/build/lib/weather_pkg
[0.614s] running install
[0.615s] running install_lib
[0.615s] creating /home/bun/ros2_weather_ws/install/weather_pkg/lib/python3.8/site-packages/weather_pkg
[0.616s] copying /home/bun/ros2_weather_ws/build/weather_pkg/build/lib/weather_pkg/weather_node.py -> /home/bun/ros2_weather_ws/install/weather_pkg/lib/python3.8/site-packages/weather_pkg
[0.616s] copying /home/bun/ros2_weather_ws/build/weather_pkg/build/lib/weather_pkg/setup.py -> /home/bun/ros2_weather_ws/install/weather_pkg/lib/python3.8/site-packages/weather_pkg
[0.616s] copying /home/bun/ros2_weather_ws/build/weather_pkg/build/lib/weather_pkg/__init__.py -> /home/bun/ros2_weather_ws/install/weather_pkg/lib/python3.8/site-packages/weather_pkg
[0.616s] byte-compiling /home/bun/ros2_weather_ws/install/weather_pkg/lib/python3.8/site-packages/weather_pkg/weather_node.py to weather_node.cpython-38.pyc
[0.617s] byte-compiling /home/bun/ros2_weather_ws/install/weather_pkg/lib/python3.8/site-packages/weather_pkg/setup.py to setup.cpython-38.pyc
[0.617s] byte-compiling /home/bun/ros2_weather_ws/install/weather_pkg/lib/python3.8/site-packages/weather_pkg/__init__.py to __init__.cpython-38.pyc
[0.617s] running install_data
[0.617s] creating /home/bun/ros2_weather_ws/install/weather_pkg/share/ament_index
[0.617s] creating /home/bun/ros2_weather_ws/install/weather_pkg/share/ament_index/resource_index
[0.618s] creating /home/bun/ros2_weather_ws/install/weather_pkg/share/ament_index/resource_index/packages
[0.618s] copying resource/weather_pkg -> /home/bun/ros2_weather_ws/install/weather_pkg/share/ament_index/resource_index/packages
[0.618s] copying package.xml -> /home/bun/ros2_weather_ws/install/weather_pkg/share/weather_pkg
[0.618s] running install_egg_info
[0.619s] Copying ../../build/weather_pkg/weather_pkg.egg-info to /home/bun/ros2_weather_ws/install/weather_pkg/lib/python3.8/site-packages/weather_pkg-0.0.0-py3.8.egg-info
[0.619s] running install_scripts
[0.630s] writing list of installed files to '/home/bun/ros2_weather_ws/build/weather_pkg/install.log'
[0.645s] Invoked command in '/home/bun/ros2_weather_ws/src/weather_pkg' returned '0': PYTHONPATH=/home/bun/ros2_weather_ws/build/weather_pkg/prefix_override:/usr/lib/python3/dist-packages/colcon_core/task/python/colcon_distutils_commands:/home/bun/ros2_weather_ws/install/weather_pkg/lib/python3.8/site-packages:${PYTHONPATH} /usr/bin/python3 -W ignore:setup.py install is deprecated setup.py egg_info --egg-base ../../build/weather_pkg build --build-base /home/bun/ros2_weather_ws/build/weather_pkg/build install --record /home/bun/ros2_weather_ws/build/weather_pkg/install.log --install-scripts $base/lib/weather_pkg --single-version-externally-managed install_data
