[0.384s] Invoking command in '/home/bun/ros2_weather_ws/src/weather_pkg': PYTHONPATH=/home/bun/ros2_weather_ws/build/weather_pkg/prefix_override:/usr/lib/python3/dist-packages/colcon_core/task/python/colcon_distutils_commands:/home/bun/ros2_weather_ws/install/weather_pkg/lib/python3.8/site-packages:${PYTHONPATH} /usr/bin/python3 -W ignore:setup.py install is deprecated -W ignore:easy_install command is deprecated setup.py egg_info --egg-base ../../build/weather_pkg build --build-base /home/bun/ros2_weather_ws/build/weather_pkg/build install --record /home/bun/ros2_weather_ws/build/weather_pkg/install.log --install-scripts $base/lib/weather_pkg --single-version-externally-managed install_data
[0.516s] running egg_info
[0.517s] writing ../../build/weather_pkg/weather_pkg.egg-info/PKG-INFO
[0.527s] writing dependency_links to ../../build/weather_pkg/weather_pkg.egg-info/dependency_links.txt
[0.527s] writing entry points to ../../build/weather_pkg/weather_pkg.egg-info/entry_points.txt
[0.527s] writing requirements to ../../build/weather_pkg/weather_pkg.egg-info/requires.txt
[0.528s] writing top-level names to ../../build/weather_pkg/weather_pkg.egg-info/top_level.txt
[0.548s] reading manifest file '../../build/weather_pkg/weather_pkg.egg-info/SOURCES.txt'
[0.548s] writing manifest file '../../build/weather_pkg/weather_pkg.egg-info/SOURCES.txt'
[0.549s] running build
[0.549s] running build_py
[0.549s] copying weather_pkg/weather_node.py -> /home/bun/ros2_weather_ws/build/weather_pkg/build/lib/weather_pkg
[0.550s] running install
[0.551s] running install_lib
[0.552s] copying /home/bun/ros2_weather_ws/build/weather_pkg/build/lib/weather_pkg/weather_node.py -> /home/bun/ros2_weather_ws/install/weather_pkg/lib/python3.8/site-packages/weather_pkg
[0.553s] byte-compiling /home/bun/ros2_weather_ws/install/weather_pkg/lib/python3.8/site-packages/weather_pkg/weather_node.py to weather_node.cpython-38.pyc
[0.554s] running install_data
[0.554s] copying package.xml -> /home/bun/ros2_weather_ws/install/weather_pkg/share/weather_pkg
[0.554s] running install_egg_info
[0.555s] Copying ../../build/weather_pkg/weather_pkg.egg-info to /home/bun/ros2_weather_ws/install/weather_pkg/lib/python3.8/site-packages/weather_pkg-0.0.1-py3.8.egg-info
[0.556s] running install_scripts
[0.566s] Installing weather_node script to /home/bun/ros2_weather_ws/install/weather_pkg/lib/weather_pkg
[0.567s] writing list of installed files to '/home/bun/ros2_weather_ws/build/weather_pkg/install.log'
[0.580s] Invoked command in '/home/bun/ros2_weather_ws/src/weather_pkg' returned '0': PYTHONPATH=/home/bun/ros2_weather_ws/build/weather_pkg/prefix_override:/usr/lib/python3/dist-packages/colcon_core/task/python/colcon_distutils_commands:/home/bun/ros2_weather_ws/install/weather_pkg/lib/python3.8/site-packages:${PYTHONPATH} /usr/bin/python3 -W ignore:setup.py install is deprecated -W ignore:easy_install command is deprecated setup.py egg_info --egg-base ../../build/weather_pkg build --build-base /home/bun/ros2_weather_ws/build/weather_pkg/build install --record /home/bun/ros2_weather_ws/build/weather_pkg/install.log --install-scripts $base/lib/weather_pkg --single-version-externally-managed install_data
