[0.355s] Invoking command in '/home/bun/ros2_weather_ws/src/weather_pkg': PYTHONPATH=/home/bun/ros2_weather_ws/build/weather_pkg/prefix_override:/usr/lib/python3/dist-packages/colcon_core/task/python/colcon_distutils_commands:/home/bun/ros2_weather_ws/install/weather_pkg/lib/python3.8/site-packages:${PYTHONPATH} /usr/bin/python3 -W ignore:setup.py install is deprecated -W ignore:easy_install command is deprecated setup.py egg_info --egg-base ../../build/weather_pkg build --build-base /home/bun/ros2_weather_ws/build/weather_pkg/build install --record /home/bun/ros2_weather_ws/build/weather_pkg/install.log --install-scripts $base/lib/weather_pkg --single-version-externally-managed install_data
[0.472s] running egg_info
[0.472s] creating ../../build/weather_pkg/weather_pkg.egg-info
[0.472s] writing ../../build/weather_pkg/weather_pkg.egg-info/PKG-INFO
[0.472s] writing dependency_links to ../../build/weather_pkg/weather_pkg.egg-info/dependency_links.txt
[0.473s] writing entry points to ../../build/weather_pkg/weather_pkg.egg-info/entry_points.txt
[0.473s] writing requirements to ../../build/weather_pkg/weather_pkg.egg-info/requires.txt
[0.473s] writing top-level names to ../../build/weather_pkg/weather_pkg.egg-info/top_level.txt
[0.474s] writing manifest file '../../build/weather_pkg/weather_pkg.egg-info/SOURCES.txt'
[0.493s] reading manifest file '../../build/weather_pkg/weather_pkg.egg-info/SOURCES.txt'
[0.493s] writing manifest file '../../build/weather_pkg/weather_pkg.egg-info/SOURCES.txt'
[0.493s] running build
[0.493s] running build_py
[0.493s] creating /home/bun/ros2_weather_ws/build/weather_pkg/build
[0.494s] creating /home/bun/ros2_weather_ws/build/weather_pkg/build/lib
[0.494s] creating /home/bun/ros2_weather_ws/build/weather_pkg/build/lib/weather_pkg
[0.494s] copying weather_pkg/__init__.py -> /home/bun/ros2_weather_ws/build/weather_pkg/build/lib/weather_pkg
[0.494s] copying weather_pkg/weather_note.py -> /home/bun/ros2_weather_ws/build/weather_pkg/build/lib/weather_pkg
[0.494s] running install
[0.494s] running install_lib
[0.495s] creating /home/bun/ros2_weather_ws/install/weather_pkg/lib/python3.8/site-packages/weather_pkg
[0.495s] copying /home/bun/ros2_weather_ws/build/weather_pkg/build/lib/weather_pkg/__init__.py -> /home/bun/ros2_weather_ws/install/weather_pkg/lib/python3.8/site-packages/weather_pkg
[0.495s] copying /home/bun/ros2_weather_ws/build/weather_pkg/build/lib/weather_pkg/weather_note.py -> /home/bun/ros2_weather_ws/install/weather_pkg/lib/python3.8/site-packages/weather_pkg
[0.495s] byte-compiling /home/bun/ros2_weather_ws/install/weather_pkg/lib/python3.8/site-packages/weather_pkg/__init__.py to __init__.cpython-38.pyc
[0.497s] byte-compiling /home/bun/ros2_weather_ws/install/weather_pkg/lib/python3.8/site-packages/weather_pkg/weather_note.py to weather_note.cpython-38.pyc
[0.497s] running install_data
[0.497s] creating /home/bun/ros2_weather_ws/install/weather_pkg/share/ament_index
[0.497s] creating /home/bun/ros2_weather_ws/install/weather_pkg/share/ament_index/resource_index
[0.497s] creating /home/bun/ros2_weather_ws/install/weather_pkg/share/ament_index/resource_index/packages
[0.497s] copying resource/weather_pkg -> /home/bun/ros2_weather_ws/install/weather_pkg/share/ament_index/resource_index/packages
[0.497s] copying package.xml -> /home/bun/ros2_weather_ws/install/weather_pkg/share/weather_pkg
[0.498s] running install_egg_info
[0.499s] Copying ../../build/weather_pkg/weather_pkg.egg-info to /home/bun/ros2_weather_ws/install/weather_pkg/lib/python3.8/site-packages/weather_pkg-0.0.0-py3.8.egg-info
[0.499s] running install_scripts
[0.511s] Installing weather_note script to /home/bun/ros2_weather_ws/install/weather_pkg/lib/weather_pkg
[0.511s] writing list of installed files to '/home/bun/ros2_weather_ws/build/weather_pkg/install.log'
[0.525s] Invoked command in '/home/bun/ros2_weather_ws/src/weather_pkg' returned '0': PYTHONPATH=/home/bun/ros2_weather_ws/build/weather_pkg/prefix_override:/usr/lib/python3/dist-packages/colcon_core/task/python/colcon_distutils_commands:/home/bun/ros2_weather_ws/install/weather_pkg/lib/python3.8/site-packages:${PYTHONPATH} /usr/bin/python3 -W ignore:setup.py install is deprecated -W ignore:easy_install command is deprecated setup.py egg_info --egg-base ../../build/weather_pkg build --build-base /home/bun/ros2_weather_ws/build/weather_pkg/build install --record /home/bun/ros2_weather_ws/build/weather_pkg/install.log --install-scripts $base/lib/weather_pkg --single-version-externally-managed install_data
