[0.373s] Invoking command in '/home/bun/ros2_weather_ws/src/weather_pkg': PYTHONPATH=/home/bun/ros2_weather_ws/build/weather_pkg/prefix_override:/usr/lib/python3/dist-packages/colcon_core/task/python/colcon_distutils_commands:/home/bun/ros2_weather_ws/install/weather_pkg/lib/python3.8/site-packages:${PYTHONPATH} /usr/bin/python3 -W ignore:setup.py install is deprecated setup.py egg_info --egg-base ../../build/weather_pkg build --build-base /home/bun/ros2_weather_ws/build/weather_pkg/build install --record /home/bun/ros2_weather_ws/build/weather_pkg/install.log --install-scripts $base/lib/weather_pkg --single-version-externally-managed install_data
[0.490s] running egg_info
[0.490s] writing ../../build/weather_pkg/weather_pkg.egg-info/PKG-INFO
[0.490s] writing dependency_links to ../../build/weather_pkg/weather_pkg.egg-info/dependency_links.txt
[0.491s] writing entry points to ../../build/weather_pkg/weather_pkg.egg-info/entry_points.txt
[0.491s] writing requirements to ../../build/weather_pkg/weather_pkg.egg-info/requires.txt
[0.491s] writing top-level names to ../../build/weather_pkg/weather_pkg.egg-info/top_level.txt
[0.511s] reading manifest file '../../build/weather_pkg/weather_pkg.egg-info/SOURCES.txt'
[0.511s] writing manifest file '../../build/weather_pkg/weather_pkg.egg-info/SOURCES.txt'
[0.511s] running build
[0.511s] running build_py
[0.511s] copying weather_pkg/weather_node.py -> /home/bun/ros2_weather_ws/build/weather_pkg/build/lib/weather_pkg
[0.511s] running install
[0.512s] running install_lib
[0.513s] copying /home/bun/ros2_weather_ws/build/weather_pkg/build/lib/weather_pkg/weather_node.py -> /home/bun/ros2_weather_ws/install/weather_pkg/lib/python3.8/site-packages/weather_pkg
[0.513s] byte-compiling /home/bun/ros2_weather_ws/install/weather_pkg/lib/python3.8/site-packages/weather_pkg/weather_node.py to weather_node.cpython-38.pyc
[0.514s] running install_data
[0.514s] running install_egg_info
[0.515s] removing '/home/bun/ros2_weather_ws/install/weather_pkg/lib/python3.8/site-packages/weather_pkg-0.0.0-py3.8.egg-info' (and everything under it)
[0.515s] Copying ../../build/weather_pkg/weather_pkg.egg-info to /home/bun/ros2_weather_ws/install/weather_pkg/lib/python3.8/site-packages/weather_pkg-0.0.0-py3.8.egg-info
[0.516s] running install_scripts
[0.526s] writing list of installed files to '/home/bun/ros2_weather_ws/build/weather_pkg/install.log'
[0.539s] Invoked command in '/home/bun/ros2_weather_ws/src/weather_pkg' returned '0': PYTHONPATH=/home/bun/ros2_weather_ws/build/weather_pkg/prefix_override:/usr/lib/python3/dist-packages/colcon_core/task/python/colcon_distutils_commands:/home/bun/ros2_weather_ws/install/weather_pkg/lib/python3.8/site-packages:${PYTHONPATH} /usr/bin/python3 -W ignore:setup.py install is deprecated setup.py egg_info --egg-base ../../build/weather_pkg build --build-base /home/bun/ros2_weather_ws/build/weather_pkg/build install --record /home/bun/ros2_weather_ws/build/weather_pkg/install.log --install-scripts $base/lib/weather_pkg --single-version-externally-managed install_data
