running develop
running egg_info
creating weather_pkg.egg-info
writing weather_pkg.egg-info/PKG-INFO
writing dependency_links to weather_pkg.egg-info/dependency_links.txt
writing entry points to weather_pkg.egg-info/entry_points.txt
writing requirements to weather_pkg.egg-info/requires.txt
writing top-level names to weather_pkg.egg-info/top_level.txt
writing manifest file 'weather_pkg.egg-info/SOURCES.txt'
reading manifest file 'weather_pkg.egg-info/SOURCES.txt'
writing manifest file 'weather_pkg.egg-info/SOURCES.txt'
running build_ext
Creating /home/bun/ros2_weather_ws/src/weather_pkg/install/weather_pkg/lib/python3.8/site-packages/site.py
Creating /home/bun/ros2_weather_ws/src/weather_pkg/install/weather_pkg/lib/python3.8/site-packages/weather-pkg.egg-link (link to .)
Installing weather_note script to /home/bun/ros2_weather_ws/src/weather_pkg/install/weather_pkg/lib/weather_pkg

Installed /home/bun/ros2_weather_ws/src/weather_pkg/build/weather_pkg
running symlink_data
creating /home/bun/ros2_weather_ws/src/weather_pkg/install/weather_pkg/share/ament_index
creating /home/bun/ros2_weather_ws/src/weather_pkg/install/weather_pkg/share/ament_index/resource_index
creating /home/bun/ros2_weather_ws/src/weather_pkg/install/weather_pkg/share/ament_index/resource_index/packages
symbolically linking /home/bun/ros2_weather_ws/src/weather_pkg/build/weather_pkg/resource/weather_pkg -> /home/bun/ros2_weather_ws/src/weather_pkg/install/weather_pkg/share/ament_index/resource_index/packages
symbolically linking /home/bun/ros2_weather_ws/src/weather_pkg/build/weather_pkg/package.xml -> /home/bun/ros2_weather_ws/src/weather_pkg/install/weather_pkg/share/weather_pkg
