[0.011s] Invoking command in '/home/bun/ros2_weather_ws/build/weather_pkg': /usr/bin/cmake --build /home/bun/ros2_weather_ws/build/weather_pkg -- -j8 -l8
[0.023s] -- Found ament_cmake: 0.9.12 (/opt/ros/foxy/share/ament_cmake/cmake)
[0.036s] -- Using PYTHON_EXECUTABLE: /usr/bin/python3
[0.139s] -- Found rclpy: 1.0.13 (/opt/ros/foxy/share/rclpy/cmake)
[0.174s] -- Configuring done
[0.176s] -- Generating done
[0.176s] -- Build files have been written to: /home/bun/ros2_weather_ws/build/weather_pkg
[0.191s] Invoked command in '/home/bun/ros2_weather_ws/build/weather_pkg' returned '0': /usr/bin/cmake --build /home/bun/ros2_weather_ws/build/weather_pkg -- -j8 -l8
[0.197s] Invoking command in '/home/bun/ros2_weather_ws/build/weather_pkg': /usr/bin/cmake --install /home/bun/ros2_weather_ws/build/weather_pkg
[0.203s] -- Install configuration: ""
[0.203s] -- Up-to-date: /home/bun/ros2_weather_ws/install/weather_pkg/lib/weather_pkg/weather_node.py
[0.203s] -- Installing: /home/bun/ros2_weather_ws/install/weather_pkg/share/ament_index/resource_index/package_run_dependencies/weather_pkg
[0.203s] -- Up-to-date: /home/bun/ros2_weather_ws/install/weather_pkg/share/ament_index/resource_index/parent_prefix_path/weather_pkg
[0.204s] -- Up-to-date: /home/bun/ros2_weather_ws/install/weather_pkg/share/weather_pkg/environment/ament_prefix_path.sh
[0.204s] -- Installing: /home/bun/ros2_weather_ws/install/weather_pkg/share/weather_pkg/environment/ament_prefix_path.dsv
[0.204s] -- Up-to-date: /home/bun/ros2_weather_ws/install/weather_pkg/share/weather_pkg/environment/path.sh
[0.204s] -- Installing: /home/bun/ros2_weather_ws/install/weather_pkg/share/weather_pkg/environment/path.dsv
[0.204s] -- Up-to-date: /home/bun/ros2_weather_ws/install/weather_pkg/share/weather_pkg/local_setup.bash
[0.205s] -- Installing: /home/bun/ros2_weather_ws/install/weather_pkg/share/weather_pkg/local_setup.sh
[0.205s] -- Up-to-date: /home/bun/ros2_weather_ws/install/weather_pkg/share/weather_pkg/local_setup.zsh
[0.205s] -- Installing: /home/bun/ros2_weather_ws/install/weather_pkg/share/weather_pkg/local_setup.dsv
[0.205s] -- Installing: /home/bun/ros2_weather_ws/install/weather_pkg/share/weather_pkg/package.dsv
[0.205s] -- Up-to-date: /home/bun/ros2_weather_ws/install/weather_pkg/share/ament_index/resource_index/packages/weather_pkg
[0.205s] -- Up-to-date: /home/bun/ros2_weather_ws/install/weather_pkg/share/weather_pkg/cmake/weather_pkgConfig.cmake
[0.205s] -- Up-to-date: /home/bun/ros2_weather_ws/install/weather_pkg/share/weather_pkg/cmake/weather_pkgConfig-version.cmake
[0.205s] -- Installing: /home/bun/ros2_weather_ws/install/weather_pkg/share/weather_pkg/package.xml
[0.206s] Invoked command in '/home/bun/ros2_weather_ws/build/weather_pkg' returned '0': /usr/bin/cmake --install /home/bun/ros2_weather_ws/build/weather_pkg
